Using pre-set license
Built from '2020.3/staging' branch; Version is '2020.3.10f1 (297d780c91bc) revision 2719096'; Using compiler version '192528614'; Build Type 'Release'
OS: 'Windows 10 Education; OS build 19044.1706; Version 2009; 64bit' Language: 'pl' Physical Memory: 16303 MB
BatchMode: 1, IsHumanControllingUs: 0, StartBugReporterOnCrash: 0, Is64bit: 1, IsPro: 0

 COMMAND LINE ARGUMENTS:
C:\Program Files\Unity\Hub\Editor\2020.3.10f1\Editor\Unity.exe
-adb2
-batchMode
-noUpm
-name
AssetImportWorker0
-projectPath
C:/Users/Dominik/Desktop/ZajeciaSobota
-logFile
Logs/AssetImportWorker0.log
-srvPort
57766
Successfully changed project path to: C:/Users/Dominik/Desktop/ZajeciaSobota
C:/Users/Dominik/Desktop/ZajeciaSobota
Using Asset Import Pipeline V2.
Refreshing native plugins compatible for Editor in 26.86 ms, found 2 plugins.
Preloading 0 native plugins for Editor in 0.00 ms.
Initialize engine version: 2020.3.10f1 (297d780c91bc)
[Subsystems] Discovering subsystems at path C:/Program Files/Unity/Hub/Editor/2020.3.10f1/Editor/Data/Resources/UnitySubsystems
[Subsystems] Discovering subsystems at path C:/Users/Dominik/Desktop/ZajeciaSobota/Assets
GfxDevice: creating device client; threaded=0
Direct3D:
    Version:  Direct3D 11.0 [level 11.1]
    Renderer: NVIDIA GeForce GTX 1660 Ti (ID=0x2182)
    Vendor:   
    VRAM:     5991 MB
    Driver:   30.0.14.9649
Initialize mono
Mono path[0] = 'C:/Program Files/Unity/Hub/Editor/2020.3.10f1/Editor/Data/Managed'
Mono path[1] = 'C:/Program Files/Unity/Hub/Editor/2020.3.10f1/Editor/Data/MonoBleedingEdge/lib/mono/unityjit'
Mono config path = 'C:/Program Files/Unity/Hub/Editor/2020.3.10f1/Editor/Data/MonoBleedingEdge/etc'
Using monoOptions --debugger-agent=transport=dt_socket,embedding=1,server=y,suspend=n,address=127.0.0.1:56192
Begin MonoManager ReloadAssembly
Registering precompiled unity dll's ...
Register platform support module: C:/Program Files/Unity/Hub/Editor/2020.3.10f1/Editor/Data/PlaybackEngines/WindowsStandaloneSupport/UnityEditor.WindowsStandalone.Extensions.dll
Registered in 0.001139 seconds.
Native extension for WindowsStandalone target not found
Refreshing native plugins compatible for Editor in 30.69 ms, found 2 plugins.
Preloading 0 native plugins for Editor in 0.00 ms.
Mono: successfully reloaded assembly
- Completed reload, in  1.341 seconds
Platform modules already initialized, skipping
Registering precompiled user dll's ...
Registered in 0.002734 seconds.
Begin MonoManager ReloadAssembly
Native extension for WindowsStandalone target not found
Refreshing native plugins compatible for Editor in 0.26 ms, found 2 plugins.
Preloading 0 native plugins for Editor in 0.00 ms.
Mono: successfully reloaded assembly
- Completed reload, in  1.109 seconds
Platform modules already initialized, skipping
========================================================================
Worker process is ready to serve import requests
Launched and connected shader compiler UnityShaderCompiler.exe after 0.04 seconds
Refreshing native plugins compatible for Editor in 0.28 ms, found 2 plugins.
Preloading 0 native plugins for Editor in 0.00 ms.
Unloading 1401 Unused Serialized files (Serialized files now loaded: 0)
System memory in use before: 66.3 MB.
System memory in use after: 66.4 MB.

Unloading 19 unused Assets to reduce memory usage. Loaded Objects now: 1841.
Total: 2.086800 ms (FindLiveObjects: 0.206800 ms CreateObjectMapping: 0.070100 ms MarkObjects: 1.672700 ms  DeleteObjects: 0.135800 ms)

========================================================================
Received Import Request.
  path: Assets/Labirynth maps/New Piskel.png
  artifactKey: Guid(3df4b04c69ab7aa4badc07d9fedebe72) Importer(815301076,1909f56bfc062723c751e8b465ee728b)
Start importing Assets/Labirynth maps/New Piskel.png using Guid(3df4b04c69ab7aa4badc07d9fedebe72) Importer(815301076,1909f56bfc062723c751e8b465ee728b)  -> (artifact id: 'ba473e687b1fc043b0e8be30a9cb4ff2') in 0.089385 seconds
  Import took 0.091388 seconds .

========================================================================
Received Import Request.
  Time since last request: 8.639509 seconds.
  path: Assets/Labirynth maps/Map1.png
  artifactKey: Guid(3df4b04c69ab7aa4badc07d9fedebe72) Importer(815301076,1909f56bfc062723c751e8b465ee728b)
Start importing Assets/Labirynth maps/Map1.png using Guid(3df4b04c69ab7aa4badc07d9fedebe72) Importer(815301076,1909f56bfc062723c751e8b465ee728b)  -> (artifact id: '836a83a25b35b2b28e98143a915afd3d') in 0.014253 seconds
  Import took 0.016619 seconds .

========================================================================
Received Import Request.
  Time since last request: 34.884792 seconds.
  path: Assets/Labirynth maps/Materials/Map1.mat
  artifactKey: Guid(8fa288c087e0e654a9fa33acd5a8cc84) Importer(815301076,1909f56bfc062723c751e8b465ee728b)
Start importing Assets/Labirynth maps/Materials/Map1.mat using Guid(8fa288c087e0e654a9fa33acd5a8cc84) Importer(815301076,1909f56bfc062723c751e8b465ee728b)  -> (artifact id: 'a6950caec8af2d896fab9f5a0fe5b4a4') in 0.069905 seconds
  Import took 0.073796 seconds .

========================================================================
Received Import Request.
  Time since last request: 51.584879 seconds.
  path: Assets/Labirynth maps/Materials
  artifactKey: Guid(27690f41e8bc58f4db6e55f3a195f5b4) Importer(815301076,1909f56bfc062723c751e8b465ee728b)
Start importing Assets/Labirynth maps/Materials using Guid(27690f41e8bc58f4db6e55f3a195f5b4) Importer(815301076,1909f56bfc062723c751e8b465ee728b)  -> (artifact id: '99236a09fe6415bd3037569ccd7e9fdd') in 0.015072 seconds
  Import took 0.021457 seconds .

========================================================================
Received Import Request.
  Time since last request: 10.059219 seconds.
  path: Assets/Labirynth maps/Map1.png
  artifactKey: Guid(3df4b04c69ab7aa4badc07d9fedebe72) Importer(815301076,1909f56bfc062723c751e8b465ee728b)
Start importing Assets/Labirynth maps/Map1.png using Guid(3df4b04c69ab7aa4badc07d9fedebe72) Importer(815301076,1909f56bfc062723c751e8b465ee728b)  -> (artifact id: '7a11acfe884a07694c6b58ec8d2d67a2') in 0.016639 seconds
  Import took 0.019723 seconds .

========================================================================
Received Import Request.
  Time since last request: 0.002070 seconds.
  path: Assets/Labirynth maps/Map1.png
  artifactKey: Guid(3df4b04c69ab7aa4badc07d9fedebe72) Importer(815301076,1909f56bfc062723c751e8b465ee728b)
Start importing Assets/Labirynth maps/Map1.png using Guid(3df4b04c69ab7aa4badc07d9fedebe72) Importer(815301076,1909f56bfc062723c751e8b465ee728b)  -> (artifact id: '7a11acfe884a07694c6b58ec8d2d67a2') in 0.004898 seconds
  Import took 0.007637 seconds .

========================================================================
Received Import Request.
  Time since last request: 29.483301 seconds.
  path: Assets/Scripts/LevelGenerator.cs
  artifactKey: Guid(369a55f3e3950074e980a60d3af34556) Importer(815301076,1909f56bfc062723c751e8b465ee728b)
Start importing Assets/Scripts/LevelGenerator.cs using Guid(369a55f3e3950074e980a60d3af34556) Importer(815301076,1909f56bfc062723c751e8b465ee728b)  -> (artifact id: 'bae42dd53a48ad7c678c0e5b2eb8f2d1') in 0.035083 seconds
  Import took 0.038203 seconds .

========================================================================
Received Prepare
Registering precompiled user dll's ...
Registered in 0.003219 seconds.
Begin MonoManager ReloadAssembly
Native extension for WindowsStandalone target not found
Refreshing native plugins compatible for Editor in 0.28 ms, found 2 plugins.
Preloading 0 native plugins for Editor in 0.00 ms.
Mono: successfully reloaded assembly
- Completed reload, in  1.002 seconds
Platform modules already initialized, skipping
Refreshing native plugins compatible for Editor in 0.29 ms, found 2 plugins.
Preloading 0 native plugins for Editor in 0.00 ms.
Unloading 1395 Unused Serialized files (Serialized files now loaded: 0)
System memory in use before: 69.5 MB.
System memory in use after: 69.6 MB.

Unloading 14 unused Assets to reduce memory usage. Loaded Objects now: 1886.
Total: 1.706700 ms (FindLiveObjects: 0.148800 ms CreateObjectMapping: 0.068000 ms MarkObjects: 1.439800 ms  DeleteObjects: 0.049100 ms)

========================================================================
Received Import Request.
  Time since last request: 171.909405 seconds.
  path: Assets/Prefabs/Generator
  artifactKey: Guid(e4118485c9f0ed343a9496019d4efe26) Importer(815301076,1909f56bfc062723c751e8b465ee728b)
Start importing Assets/Prefabs/Generator using Guid(e4118485c9f0ed343a9496019d4efe26) Importer(815301076,1909f56bfc062723c751e8b465ee728b)  -> (artifact id: '5e3b50945bf55576dd603e54d26ab36e') in 0.011314 seconds
  Import took 0.014629 seconds .

========================================================================
Received Import Request.
  Time since last request: 16.432234 seconds.
  path: Assets/Prefabs/Pickupy
  artifactKey: Guid(7fe18ae0c23056247bc393d532df19cc) Importer(815301076,1909f56bfc062723c751e8b465ee728b)
Start importing Assets/Prefabs/Pickupy using Guid(7fe18ae0c23056247bc393d532df19cc) Importer(815301076,1909f56bfc062723c751e8b465ee728b)  -> (artifact id: '022d2689bd8e1958873c351b0cda422e') in 0.009047 seconds
  Import took 0.012021 seconds .

========================================================================
Received Import Request.
  Time since last request: 149.639573 seconds.
  path: Assets/Scripts/EditorButton.cs
  artifactKey: Guid(9c679b3f741a34a4fbf27f28a3d65f0d) Importer(815301076,1909f56bfc062723c751e8b465ee728b)
Start importing Assets/Scripts/EditorButton.cs using Guid(9c679b3f741a34a4fbf27f28a3d65f0d) Importer(815301076,1909f56bfc062723c751e8b465ee728b)  -> (artifact id: '6a9073101c301d17cb6252cbd36480cc') in 0.015065 seconds
  Import took 0.019338 seconds .

========================================================================
Received Prepare
Registering precompiled user dll's ...
Registered in 0.002654 seconds.
Begin MonoManager ReloadAssembly
Native extension for WindowsStandalone target not found
Refreshing native plugins compatible for Editor in 0.35 ms, found 2 plugins.
Preloading 0 native plugins for Editor in 0.00 ms.
Mono: successfully reloaded assembly
- Completed reload, in  1.117 seconds
Platform modules already initialized, skipping
Refreshing native plugins compatible for Editor in 3.64 ms, found 2 plugins.
Preloading 0 native plugins for Editor in 0.00 ms.
Unloading 1396 Unused Serialized files (Serialized files now loaded: 0)
System memory in use before: 69.6 MB.
System memory in use after: 69.6 MB.

Unloading 14 unused Assets to reduce memory usage. Loaded Objects now: 1890.
Total: 5.802400 ms (FindLiveObjects: 0.274300 ms CreateObjectMapping: 0.046600 ms MarkObjects: 5.399000 ms  DeleteObjects: 0.080700 ms)

========================================================================
Received Prepare
Registering precompiled user dll's ...
Registered in 0.006051 seconds.
Begin MonoManager ReloadAssembly
Native extension for WindowsStandalone target not found
Refreshing native plugins compatible for Editor in 0.36 ms, found 2 plugins.
Preloading 0 native plugins for Editor in 0.00 ms.
Mono: successfully reloaded assembly
- Completed reload, in  1.389 seconds
Platform modules already initialized, skipping
Refreshing native plugins compatible for Editor in 0.32 ms, found 2 plugins.
Preloading 0 native plugins for Editor in 0.00 ms.
Unloading 1396 Unused Serialized files (Serialized files now loaded: 0)
System memory in use before: 69.6 MB.
System memory in use after: 69.7 MB.

Unloading 14 unused Assets to reduce memory usage. Loaded Objects now: 1893.
Total: 2.040900 ms (FindLiveObjects: 0.169200 ms CreateObjectMapping: 0.048700 ms MarkObjects: 1.731600 ms  DeleteObjects: 0.089700 ms)

========================================================================
Received Import Request.
  Time since last request: 481.917949 seconds.
  path: Assets/Scripts/EditorButton.cs
  artifactKey: Guid(9c679b3f741a34a4fbf27f28a3d65f0d) Importer(815301076,1909f56bfc062723c751e8b465ee728b)
Start importing Assets/Scripts/EditorButton.cs using Guid(9c679b3f741a34a4fbf27f28a3d65f0d) Importer(815301076,1909f56bfc062723c751e8b465ee728b)  -> (artifact id: '00000000000000000000000000000000') in 0.002650 seconds
  ERROR: Build asset version error: assets/scripts/editorbutton.cs in SourceAssetDB has modification time of '2022-05-14T10:12:13.916963Z' while content on disk has modification time of '2022-05-14T10:16:49.9140815Z'
  Import took 0.006513 seconds .

========================================================================
Received Import Request.
  Time since last request: 0.035001 seconds.
  path: Assets/Scripts/EditorButton.cs
  artifactKey: Guid(9c679b3f741a34a4fbf27f28a3d65f0d) Importer(815301076,1909f56bfc062723c751e8b465ee728b)
Start importing Assets/Scripts/EditorButton.cs using Guid(9c679b3f741a34a4fbf27f28a3d65f0d) Importer(815301076,1909f56bfc062723c751e8b465ee728b)  -> (artifact id: '00000000000000000000000000000000') in 0.000188 seconds
  ERROR: Build asset version error: assets/scripts/editorbutton.cs in SourceAssetDB has modification time of '2022-05-14T10:12:13.916963Z' while content on disk has modification time of '2022-05-14T10:16:49.9140815Z'
  Import took 0.001938 seconds .

========================================================================
Received Import Request.
  Time since last request: 0.016340 seconds.
  path: Assets/Scripts/EditorButton.cs
  artifactKey: Guid(9c679b3f741a34a4fbf27f28a3d65f0d) Importer(815301076,1909f56bfc062723c751e8b465ee728b)
Start importing Assets/Scripts/EditorButton.cs using Guid(9c679b3f741a34a4fbf27f28a3d65f0d) Importer(815301076,1909f56bfc062723c751e8b465ee728b)  -> (artifact id: '00000000000000000000000000000000') in 0.000197 seconds
  ERROR: Build asset version error: assets/scripts/editorbutton.cs in SourceAssetDB has modification time of '2022-05-14T10:12:13.916963Z' while content on disk has modification time of '2022-05-14T10:16:49.9140815Z'
  Import took 0.002016 seconds .

========================================================================
Received Import Request.
  Time since last request: 0.062365 seconds.
  path: Assets/Scripts/EditorButton.cs
  artifactKey: Guid(9c679b3f741a34a4fbf27f28a3d65f0d) Importer(815301076,1909f56bfc062723c751e8b465ee728b)
Start importing Assets/Scripts/EditorButton.cs using Guid(9c679b3f741a34a4fbf27f28a3d65f0d) Importer(815301076,1909f56bfc062723c751e8b465ee728b)  -> (artifact id: '00000000000000000000000000000000') in 0.000250 seconds
  ERROR: Build asset version error: assets/scripts/editorbutton.cs in SourceAssetDB has modification time of '2022-05-14T10:12:13.916963Z' while content on disk has modification time of '2022-05-14T10:16:49.9140815Z'
  Import took 0.150608 seconds .

========================================================================
Received Import Request.
  Time since last request: 0.017072 seconds.
  path: Assets/Scripts/EditorButton.cs
  artifactKey: Guid(9c679b3f741a34a4fbf27f28a3d65f0d) Importer(815301076,1909f56bfc062723c751e8b465ee728b)
Start importing Assets/Scripts/EditorButton.cs using Guid(9c679b3f741a34a4fbf27f28a3d65f0d) Importer(815301076,1909f56bfc062723c751e8b465ee728b)  -> (artifact id: '00000000000000000000000000000000') in 0.000289 seconds
  ERROR: Build asset version error: assets/scripts/editorbutton.cs in SourceAssetDB has modification time of '2022-05-14T10:12:13.916963Z' while content on disk has modification time of '2022-05-14T10:16:49.9140815Z'
  Import took 0.014564 seconds .

========================================================================
Received Import Request.
  Time since last request: 0.009376 seconds.
  path: Assets/Scripts/EditorButton.cs
  artifactKey: Guid(9c679b3f741a34a4fbf27f28a3d65f0d) Importer(815301076,1909f56bfc062723c751e8b465ee728b)
Start importing Assets/Scripts/EditorButton.cs using Guid(9c679b3f741a34a4fbf27f28a3d65f0d) Importer(815301076,1909f56bfc062723c751e8b465ee728b)  -> (artifact id: '00000000000000000000000000000000') in 0.000529 seconds
  ERROR: Build asset version error: assets/scripts/editorbutton.cs in SourceAssetDB has modification time of '2022-05-14T10:12:13.916963Z' while content on disk has modification time of '2022-05-14T10:16:49.9140815Z'
  Import took 0.022867 seconds .

========================================================================
Received Import Request.
  Time since last request: 0.009041 seconds.
  path: Assets/Scripts/EditorButton.cs
  artifactKey: Guid(9c679b3f741a34a4fbf27f28a3d65f0d) Importer(815301076,1909f56bfc062723c751e8b465ee728b)
Start importing Assets/Scripts/EditorButton.cs using Guid(9c679b3f741a34a4fbf27f28a3d65f0d) Importer(815301076,1909f56bfc062723c751e8b465ee728b)  -> (artifact id: '00000000000000000000000000000000') in 0.000313 seconds
  ERROR: Build asset version error: assets/scripts/editorbutton.cs in SourceAssetDB has modification time of '2022-05-14T10:12:13.916963Z' while content on disk has modification time of '2022-05-14T10:16:49.9140815Z'
  Import took 0.026647 seconds .

========================================================================
Received Import Request.
  Time since last request: 0.005522 seconds.
  path: Assets/Scripts/EditorButton.cs
  artifactKey: Guid(9c679b3f741a34a4fbf27f28a3d65f0d) Importer(815301076,1909f56bfc062723c751e8b465ee728b)
Start importing Assets/Scripts/EditorButton.cs using Guid(9c679b3f741a34a4fbf27f28a3d65f0d) Importer(815301076,1909f56bfc062723c751e8b465ee728b)  -> (artifact id: '00000000000000000000000000000000') in 0.000550 seconds
  ERROR: Build asset version error: assets/scripts/editorbutton.cs in SourceAssetDB has modification time of '2022-05-14T10:12:13.916963Z' while content on disk has modification time of '2022-05-14T10:16:49.9140815Z'
  Import took 0.006997 seconds .

========================================================================
Received Import Request.
  Time since last request: 0.014892 seconds.
  path: Assets/Scripts/EditorButton.cs
  artifactKey: Guid(9c679b3f741a34a4fbf27f28a3d65f0d) Importer(815301076,1909f56bfc062723c751e8b465ee728b)
Start importing Assets/Scripts/EditorButton.cs using Guid(9c679b3f741a34a4fbf27f28a3d65f0d) Importer(815301076,1909f56bfc062723c751e8b465ee728b)  -> (artifact id: '00000000000000000000000000000000') in 0.000727 seconds
  ERROR: Build asset version error: assets/scripts/editorbutton.cs in SourceAssetDB has modification time of '2022-05-14T10:12:13.916963Z' while content on disk has modification time of '2022-05-14T10:16:49.9140815Z'
  Import took 0.006199 seconds .

========================================================================
Received Import Request.
  Time since last request: 0.013082 seconds.
  path: Assets/Scripts/EditorButton.cs
  artifactKey: Guid(9c679b3f741a34a4fbf27f28a3d65f0d) Importer(815301076,1909f56bfc062723c751e8b465ee728b)
Start importing Assets/Scripts/EditorButton.cs using Guid(9c679b3f741a34a4fbf27f28a3d65f0d) Importer(815301076,1909f56bfc062723c751e8b465ee728b)  -> (artifact id: '00000000000000000000000000000000') in 0.000275 seconds
  ERROR: Build asset version error: assets/scripts/editorbutton.cs in SourceAssetDB has modification time of '2022-05-14T10:12:13.916963Z' while content on disk has modification time of '2022-05-14T10:16:49.9140815Z'
  Import took 0.002714 seconds .

========================================================================
Received Import Request.
  Time since last request: 0.019443 seconds.
  path: Assets/Scripts/EditorButton.cs
  artifactKey: Guid(9c679b3f741a34a4fbf27f28a3d65f0d) Importer(815301076,1909f56bfc062723c751e8b465ee728b)
Start importing Assets/Scripts/EditorButton.cs using Guid(9c679b3f741a34a4fbf27f28a3d65f0d) Importer(815301076,1909f56bfc062723c751e8b465ee728b)  -> (artifact id: '00000000000000000000000000000000') in 0.000222 seconds
  ERROR: Build asset version error: assets/scripts/editorbutton.cs in SourceAssetDB has modification time of '2022-05-14T10:12:13.916963Z' while content on disk has modification time of '2022-05-14T10:16:49.9140815Z'
  Import took 0.002047 seconds .

========================================================================
Received Import Request.
  Time since last request: 0.016649 seconds.
  path: Assets/Scripts/EditorButton.cs
  artifactKey: Guid(9c679b3f741a34a4fbf27f28a3d65f0d) Importer(815301076,1909f56bfc062723c751e8b465ee728b)
Start importing Assets/Scripts/EditorButton.cs using Guid(9c679b3f741a34a4fbf27f28a3d65f0d) Importer(815301076,1909f56bfc062723c751e8b465ee728b)  -> (artifact id: '00000000000000000000000000000000') in 0.000237 seconds
  ERROR: Build asset version error: assets/scripts/editorbutton.cs in SourceAssetDB has modification time of '2022-05-14T10:12:13.916963Z' while content on disk has modification time of '2022-05-14T10:16:49.9140815Z'
  Import took 0.005054 seconds .

========================================================================
Received Import Request.
  Time since last request: 0.020128 seconds.
  path: Assets/Scripts/EditorButton.cs
  artifactKey: Guid(9c679b3f741a34a4fbf27f28a3d65f0d) Importer(815301076,1909f56bfc062723c751e8b465ee728b)
Start importing Assets/Scripts/EditorButton.cs using Guid(9c679b3f741a34a4fbf27f28a3d65f0d) Importer(815301076,1909f56bfc062723c751e8b465ee728b)  -> (artifact id: '00000000000000000000000000000000') in 0.000249 seconds
  ERROR: Build asset version error: assets/scripts/editorbutton.cs in SourceAssetDB has modification time of '2022-05-14T10:12:13.916963Z' while content on disk has modification time of '2022-05-14T10:16:49.9140815Z'
  Import took 0.002727 seconds .

========================================================================
Received Import Request.
  Time since last request: 0.016088 seconds.
  path: Assets/Scripts/EditorButton.cs
  artifactKey: Guid(9c679b3f741a34a4fbf27f28a3d65f0d) Importer(815301076,1909f56bfc062723c751e8b465ee728b)
Start importing Assets/Scripts/EditorButton.cs using Guid(9c679b3f741a34a4fbf27f28a3d65f0d) Importer(815301076,1909f56bfc062723c751e8b465ee728b)  -> (artifact id: '00000000000000000000000000000000') in 0.000199 seconds
  ERROR: Build asset version error: assets/scripts/editorbutton.cs in SourceAssetDB has modification time of '2022-05-14T10:12:13.916963Z' while content on disk has modification time of '2022-05-14T10:16:49.9140815Z'
  Import took 0.002181 seconds .

========================================================================
Received Import Request.
  Time since last request: 0.014790 seconds.
  path: Assets/Scripts/EditorButton.cs
  artifactKey: Guid(9c679b3f741a34a4fbf27f28a3d65f0d) Importer(815301076,1909f56bfc062723c751e8b465ee728b)
Start importing Assets/Scripts/EditorButton.cs using Guid(9c679b3f741a34a4fbf27f28a3d65f0d) Importer(815301076,1909f56bfc062723c751e8b465ee728b)  -> (artifact id: '00000000000000000000000000000000') in 0.000217 seconds
  ERROR: Build asset version error: assets/scripts/editorbutton.cs in SourceAssetDB has modification time of '2022-05-14T10:12:13.916963Z' while content on disk has modification time of '2022-05-14T10:16:49.9140815Z'
  Import took 0.004860 seconds .

========================================================================
Received Import Request.
  Time since last request: 0.028796 seconds.
  path: Assets/Scripts/EditorButton.cs
  artifactKey: Guid(9c679b3f741a34a4fbf27f28a3d65f0d) Importer(815301076,1909f56bfc062723c751e8b465ee728b)
Start importing Assets/Scripts/EditorButton.cs using Guid(9c679b3f741a34a4fbf27f28a3d65f0d) Importer(815301076,1909f56bfc062723c751e8b465ee728b)  -> (artifact id: '00000000000000000000000000000000') in 0.000695 seconds
  ERROR: Build asset version error: assets/scripts/editorbutton.cs in SourceAssetDB has modification time of '2022-05-14T10:12:13.916963Z' while content on disk has modification time of '2022-05-14T10:16:49.9140815Z'
  Import took 0.021635 seconds .

========================================================================
Received Prepare
Registering precompiled user dll's ...
Registered in 0.003837 seconds.
Begin MonoManager ReloadAssembly
Native extension for WindowsStandalone target not found
Refreshing native plugins compatible for Editor in 1.28 ms, found 2 plugins.
Preloading 0 native plugins for Editor in 0.00 ms.
Mono: successfully reloaded assembly
- Completed reload, in  1.145 seconds
Platform modules already initialized, skipping
Refreshing native plugins compatible for Editor in 0.39 ms, found 2 plugins.
Preloading 0 native plugins for Editor in 0.00 ms.
Unloading 1396 Unused Serialized files (Serialized files now loaded: 0)
System memory in use before: 69.6 MB.
System memory in use after: 69.7 MB.

Unloading 14 unused Assets to reduce memory usage. Loaded Objects now: 1896.
Total: 2.332100 ms (FindLiveObjects: 0.135400 ms CreateObjectMapping: 0.172300 ms MarkObjects: 1.978700 ms  DeleteObjects: 0.044900 ms)

========================================================================
Received Import Request.
  Time since last request: 3.904543 seconds.
  path: Assets/Scripts/EditorButton.cs
  artifactKey: Guid(9c679b3f741a34a4fbf27f28a3d65f0d) Importer(815301076,1909f56bfc062723c751e8b465ee728b)
Start importing Assets/Scripts/EditorButton.cs using Guid(9c679b3f741a34a4fbf27f28a3d65f0d) Importer(815301076,1909f56bfc062723c751e8b465ee728b)  -> (artifact id: 'a8d81eca536bf7aa6e2493b0a1a9172f') in 0.005737 seconds
  Import took 0.007932 seconds .

========================================================================
Received Import Request.
  Time since last request: 37.611697 seconds.
  path: Assets/Prefabs/Drzwi 1.prefab
  artifactKey: Guid(cdc21c4d323abe84e883978c8ff81fc2) Importer(815301076,1909f56bfc062723c751e8b465ee728b)
Start importing Assets/Prefabs/Drzwi 1.prefab using Guid(cdc21c4d323abe84e883978c8ff81fc2) Importer(815301076,1909f56bfc062723c751e8b465ee728b)  -> (artifact id: '5faacb3e196d1f693ce20a8bec3a7cc4') in 0.105600 seconds
  Import took 0.111426 seconds .

========================================================================
Received Import Request.
  Time since last request: 25.477968 seconds.
  path: Assets/Prefabs/Generator/Wall.prefab
  artifactKey: Guid(9aa1d5276cfc472439a5eff5b985fa80) Importer(815301076,1909f56bfc062723c751e8b465ee728b)
Start importing Assets/Prefabs/Generator/Wall.prefab using Guid(9aa1d5276cfc472439a5eff5b985fa80) Importer(815301076,1909f56bfc062723c751e8b465ee728b)  -> (artifact id: '15d2b56aa8a43b6a6c865f09275b4997') in 0.050695 seconds
  Import took 0.054342 seconds .

========================================================================
Received Import Request.
  Time since last request: 0.742521 seconds.
  path: Assets/Prefabs/Generator/Wall.prefab
  artifactKey: Guid(9aa1d5276cfc472439a5eff5b985fa80) Importer(815301076,1909f56bfc062723c751e8b465ee728b)
Start importing Assets/Prefabs/Generator/Wall.prefab using Guid(9aa1d5276cfc472439a5eff5b985fa80) Importer(815301076,1909f56bfc062723c751e8b465ee728b)  -> (artifact id: '85c8c0dc331f77ec00e49832a051649c') in 0.019487 seconds
  Import took 0.022079 seconds .

========================================================================
Received Import Request.
  Time since last request: 0.001441 seconds.
  path: Assets/Prefabs/Generator/Wall.prefab
  artifactKey: Guid(9aa1d5276cfc472439a5eff5b985fa80) Importer(815301076,1909f56bfc062723c751e8b465ee728b)
Start importing Assets/Prefabs/Generator/Wall.prefab using Guid(9aa1d5276cfc472439a5eff5b985fa80) Importer(815301076,1909f56bfc062723c751e8b465ee728b)  -> (artifact id: '85c8c0dc331f77ec00e49832a051649c') in 0.012205 seconds
  Import took 0.017203 seconds .

========================================================================
Received Import Request.
  Time since last request: 0.606049 seconds.
  path: Assets/Prefabs/Generator/Wall.prefab
  artifactKey: Guid(9aa1d5276cfc472439a5eff5b985fa80) Importer(815301076,1909f56bfc062723c751e8b465ee728b)
Start importing Assets/Prefabs/Generator/Wall.prefab using Guid(9aa1d5276cfc472439a5eff5b985fa80) Importer(815301076,1909f56bfc062723c751e8b465ee728b)  -> (artifact id: 'dba4175d3ce33c7abf4a1f1e1e8a6ef4') in 0.009986 seconds
  Import took 0.013210 seconds .

========================================================================
Received Import Request.
  Time since last request: 30.487747 seconds.
  path: Assets/Prefabs/Generator/FloorHigh.prefab
  artifactKey: Guid(1fd745bf6a483274caa16e37812c4c32) Importer(815301076,1909f56bfc062723c751e8b465ee728b)
Start importing Assets/Prefabs/Generator/FloorHigh.prefab using Guid(1fd745bf6a483274caa16e37812c4c32) Importer(815301076,1909f56bfc062723c751e8b465ee728b)  -> (artifact id: '7cb02e6c14eba55a05282bbe0b8bdcdc') in 0.034171 seconds
  Import took 0.036983 seconds .

========================================================================
Received Import Request.
  Time since last request: 0.708325 seconds.
  path: Assets/Prefabs/Generator/FloorHigh.prefab
  artifactKey: Guid(1fd745bf6a483274caa16e37812c4c32) Importer(815301076,1909f56bfc062723c751e8b465ee728b)
Start importing Assets/Prefabs/Generator/FloorHigh.prefab using Guid(1fd745bf6a483274caa16e37812c4c32) Importer(815301076,1909f56bfc062723c751e8b465ee728b)  -> (artifact id: '54e2e5415e76187d45a5b6a2a75d5318') in 0.013477 seconds
  Import took 0.017696 seconds .

========================================================================
Received Prepare
Registering precompiled user dll's ...
Registered in 0.007349 seconds.
Begin MonoManager ReloadAssembly
Native extension for WindowsStandalone target not found
Refreshing native plugins compatible for Editor in 0.28 ms, found 2 plugins.
Preloading 0 native plugins for Editor in 0.00 ms.
Mono: successfully reloaded assembly
- Completed reload, in  1.243 seconds
Platform modules already initialized, skipping
Refreshing native plugins compatible for Editor in 0.26 ms, found 2 plugins.
Preloading 0 native plugins for Editor in 0.00 ms.
Unloading 1396 Unused Serialized files (Serialized files now loaded: 0)
System memory in use before: 69.7 MB.
System memory in use after: 69.7 MB.

Unloading 15 unused Assets to reduce memory usage. Loaded Objects now: 1902.
Total: 1.725400 ms (FindLiveObjects: 0.146700 ms CreateObjectMapping: 0.045800 ms MarkObjects: 1.456900 ms  DeleteObjects: 0.074900 ms)

========================================================================
Received Import Request.
  Time since last request: 1956.117141 seconds.
  path: Assets/SkySerie Freebie/6SidedFluffball.mat
  artifactKey: Guid(efd1c33efd2d58340b88804268e6833f) Importer(815301076,1909f56bfc062723c751e8b465ee728b)
Start importing Assets/SkySerie Freebie/6SidedFluffball.mat using Guid(efd1c33efd2d58340b88804268e6833f) Importer(815301076,1909f56bfc062723c751e8b465ee728b)  -> (artifact id: 'b6a1a8baa07f275ee336f28d76dc62d8') in 0.261467 seconds
  Import took 0.265499 seconds .

========================================================================
Received Import Request.
  Time since last request: 0.000140 seconds.
  path: Assets/SkySerie Freebie/HighFantasy.mat
  artifactKey: Guid(e2341a9d03e86ec4290c72b1e22bbc7c) Importer(815301076,1909f56bfc062723c751e8b465ee728b)
Start importing Assets/SkySerie Freebie/HighFantasy.mat using Guid(e2341a9d03e86ec4290c72b1e22bbc7c) Importer(815301076,1909f56bfc062723c751e8b465ee728b)  -> (artifact id: '87eedacca982ca1b54f6af51f966bb9f') in 0.078741 seconds
  Import took 0.082785 seconds .

========================================================================
Received Import Request.
  Time since last request: 0.000142 seconds.
  path: Assets/SkySerie Freebie/UnderTheSea4k.mat
  artifactKey: Guid(119ec07f1c7ed204db46bd8465fd5a50) Importer(815301076,1909f56bfc062723c751e8b465ee728b)
Start importing Assets/SkySerie Freebie/UnderTheSea4k.mat using Guid(119ec07f1c7ed204db46bd8465fd5a50) Importer(815301076,1909f56bfc062723c751e8b465ee728b)  -> (artifact id: 'a1f4c348ee9d411e9df3bd4c6c2769fa') in 0.043933 seconds
  Import took 0.049404 seconds .

========================================================================
Received Import Request.
  Time since last request: 0.000184 seconds.
  path: Assets/SkySerie Freebie/UnearthlyRed.mat
  artifactKey: Guid(5d133deeaa66ed445853e946ff25e073) Importer(815301076,1909f56bfc062723c751e8b465ee728b)
Start importing Assets/SkySerie Freebie/UnearthlyRed.mat using Guid(5d133deeaa66ed445853e946ff25e073) Importer(815301076,1909f56bfc062723c751e8b465ee728b)  -> (artifact id: '3673473dadf4c739840b87fb81dbbc1c') in 0.048972 seconds
  Import took 0.053297 seconds .

========================================================================
Received Import Request.
  Time since last request: 0.000133 seconds.
  path: Assets/SkySerie Freebie/CosmicCoolCloud.mat
  artifactKey: Guid(f531e09e2ad2fb440b4eed7605863143) Importer(815301076,1909f56bfc062723c751e8b465ee728b)
Start importing Assets/SkySerie Freebie/CosmicCoolCloud.mat using Guid(f531e09e2ad2fb440b4eed7605863143) Importer(815301076,1909f56bfc062723c751e8b465ee728b)  -> (artifact id: '91bc1dbafdd346ec12a1e790d35fecfe') in 0.040626 seconds
  Import took 0.043574 seconds .

========================================================================
Received Import Request.
  Time since last request: 0.000248 seconds.
  path: Assets/SkySerie Freebie/SunlessCirruscover.mat
  artifactKey: Guid(4e154bf235e41704bbd6bbc6fd6c63f6) Importer(815301076,1909f56bfc062723c751e8b465ee728b)
Start importing Assets/SkySerie Freebie/SunlessCirruscover.mat using Guid(4e154bf235e41704bbd6bbc6fd6c63f6) Importer(815301076,1909f56bfc062723c751e8b465ee728b)  -> (artifact id: '463c6e1d8006f61f62228484ae222cbf') in 0.041661 seconds
  Import took 0.045838 seconds .

========================================================================
Received Import Request.
  Time since last request: 0.000139 seconds.
  path: Assets/SkySerie Freebie/6SidedMegaSun.mat
  artifactKey: Guid(c52c5d7968fa6c9499b0b5752f899bfb) Importer(815301076,1909f56bfc062723c751e8b465ee728b)
Start importing Assets/SkySerie Freebie/6SidedMegaSun.mat using Guid(c52c5d7968fa6c9499b0b5752f899bfb) Importer(815301076,1909f56bfc062723c751e8b465ee728b)  -> (artifact id: '81cd8123ba355b9cc397631ba09bf577') in 0.022898 seconds
  Import took 0.025114 seconds .

========================================================================
Received Import Request.
  Time since last request: 0.000194 seconds.
  path: Assets/SkySerie Freebie/DayInTheClouds.mat
  artifactKey: Guid(3e5399bd195de7649b874f58c1b9f8a3) Importer(815301076,1909f56bfc062723c751e8b465ee728b)
Start importing Assets/SkySerie Freebie/DayInTheClouds.mat using Guid(3e5399bd195de7649b874f58c1b9f8a3) Importer(815301076,1909f56bfc062723c751e8b465ee728b)  -> (artifact id: '3a33cfa38002a7b7667a924140c2511c') in 0.043629 seconds
  Import took 0.050463 seconds .

========================================================================
Received Import Request.
  Time since last request: 0.000232 seconds.
  path: Assets/SkySerie Freebie/Cloudymorning.mat
  artifactKey: Guid(d9dca9ae1786c394f9e79c637aa9a7bf) Importer(815301076,1909f56bfc062723c751e8b465ee728b)
Start importing Assets/SkySerie Freebie/Cloudymorning.mat using Guid(d9dca9ae1786c394f9e79c637aa9a7bf) Importer(815301076,1909f56bfc062723c751e8b465ee728b)  -> (artifact id: '85d18da66db6ee6b66b693329a61721d') in 0.039961 seconds
  Import took 0.044974 seconds .

========================================================================
Received Import Request.
  Time since last request: 0.000148 seconds.
  path: Assets/SkySerie Freebie/CoriolisNight4k.mat
  artifactKey: Guid(d4454f71d85928744be7771e2143dab7) Importer(815301076,1909f56bfc062723c751e8b465ee728b)
Start importing Assets/SkySerie Freebie/CoriolisNight4k.mat using Guid(d4454f71d85928744be7771e2143dab7) Importer(815301076,1909f56bfc062723c751e8b465ee728b)  -> (artifact id: 'bc9a9653faa683d309628d23f778188e') in 0.039450 seconds
  Import took 0.043497 seconds .

========================================================================
Received Import Request.
  Time since last request: 0.000137 seconds.
  path: Assets/SkySerie Freebie/SkyhighFluffycloudField.mat
  artifactKey: Guid(f15c336556dd74f40aaca655f7767970) Importer(815301076,1909f56bfc062723c751e8b465ee728b)
Start importing Assets/SkySerie Freebie/SkyhighFluffycloudField.mat using Guid(f15c336556dd74f40aaca655f7767970) Importer(815301076,1909f56bfc062723c751e8b465ee728b)  -> (artifact id: '9eb5f586fdf3dff3a407abce384783e0') in 0.044402 seconds
  Import took 0.048427 seconds .

========================================================================
Received Import Request.
  Time since last request: 0.000144 seconds.
  path: Assets/SkySerie Freebie/PlanetaryEarth.mat
  artifactKey: Guid(16bc8a9d5451ca44d8f70575adbece3a) Importer(815301076,1909f56bfc062723c751e8b465ee728b)
Start importing Assets/SkySerie Freebie/PlanetaryEarth.mat using Guid(16bc8a9d5451ca44d8f70575adbece3a) Importer(815301076,1909f56bfc062723c751e8b465ee728b)  -> (artifact id: '108b2bb9c067bd7db43926cad8272913') in 0.041298 seconds
  Import took 0.046249 seconds .

========================================================================
Received Import Request.
  Time since last request: 0.000139 seconds.
  path: Assets/SkySerie Freebie/DarkStorm.mat
  artifactKey: Guid(2039a0ad0a9d05549928b70362f54902) Importer(815301076,1909f56bfc062723c751e8b465ee728b)
Start importing Assets/SkySerie Freebie/DarkStorm.mat using Guid(2039a0ad0a9d05549928b70362f54902) Importer(815301076,1909f56bfc062723c751e8b465ee728b)  -> (artifact id: '5be00172ab507046c3f9607b388443f2') in 0.042015 seconds
  Import took 0.046192 seconds .

========================================================================
Received Import Request.
  Time since last request: 0.000131 seconds.
  path: Assets/SkySerie Freebie/AmbienceExposure.mat
  artifactKey: Guid(72deae4d18418f94688abef8e8483df0) Importer(815301076,1909f56bfc062723c751e8b465ee728b)
Start importing Assets/SkySerie Freebie/AmbienceExposure.mat using Guid(72deae4d18418f94688abef8e8483df0) Importer(815301076,1909f56bfc062723c751e8b465ee728b)  -> (artifact id: '46c32d3b753d73c09132d58d4de762b6') in 0.043760 seconds
  Import took 0.047948 seconds .

========================================================================
Received Import Request.
  Time since last request: 0.000164 seconds.
  path: Assets/SkySerie Freebie/CloudedSunGlow.mat
  artifactKey: Guid(e391f00234292cc4f935308c11cf0e54) Importer(815301076,1909f56bfc062723c751e8b465ee728b)
Start importing Assets/SkySerie Freebie/CloudedSunGlow.mat using Guid(e391f00234292cc4f935308c11cf0e54) Importer(815301076,1909f56bfc062723c751e8b465ee728b)  -> (artifact id: 'f0a923813b3e2b087ec04901b1d298ef') in 0.045731 seconds
  Import took 0.049714 seconds .

========================================================================
Received Import Request.
  Time since last request: 0.000181 seconds.
  path: Assets/SkySerie Freebie/FluffballDay.mat
  artifactKey: Guid(20d4f77b9022eab48b4d94599ed4bf82) Importer(815301076,1909f56bfc062723c751e8b465ee728b)
Start importing Assets/SkySerie Freebie/FluffballDay.mat using Guid(20d4f77b9022eab48b4d94599ed4bf82) Importer(815301076,1909f56bfc062723c751e8b465ee728b)  -> (artifact id: '2ca412a9fe9422d59896378a7d5e61b0') in 0.047549 seconds
  Import took 0.052034 seconds .

========================================================================
Received Import Request.
  Time since last request: 0.000600 seconds.
  path: Assets/SkySerie Freebie/CasualDay.mat
  artifactKey: Guid(85cf0b004bc4a654b9e501efcce47902) Importer(815301076,1909f56bfc062723c751e8b465ee728b)
Start importing Assets/SkySerie Freebie/CasualDay.mat using Guid(85cf0b004bc4a654b9e501efcce47902) Importer(815301076,1909f56bfc062723c751e8b465ee728b)  -> (artifact id: '88a130c01139d1a92c1fa93695caef1b') in 0.063225 seconds
  Import took 0.069694 seconds .

========================================================================
Received Import Request.
  Time since last request: 0.000170 seconds.
  path: Assets/SkySerie Freebie/MegaSun.mat
  artifactKey: Guid(cede08c9fc471e64884909cd4bbeaf59) Importer(815301076,1909f56bfc062723c751e8b465ee728b)
Start importing Assets/SkySerie Freebie/MegaSun.mat using Guid(cede08c9fc471e64884909cd4bbeaf59) Importer(815301076,1909f56bfc062723c751e8b465ee728b)  -> (artifact id: '5c716296bd41adadfe61a2802da6578c') in 0.071312 seconds
  Import took 0.076915 seconds .

========================================================================
Received Import Request.
  Time since last request: 42.336688 seconds.
  path: Assets/SkyBox Volume 2/DeepSpaceBlueWithPlanet
  artifactKey: Guid(76bba837b1442fa4ab25f42878698f45) Importer(815301076,1909f56bfc062723c751e8b465ee728b)
Start importing Assets/SkyBox Volume 2/DeepSpaceBlueWithPlanet using Guid(76bba837b1442fa4ab25f42878698f45) Importer(815301076,1909f56bfc062723c751e8b465ee728b)  -> (artifact id: 'd26b40a5b5c0fa9fdf176227f5b98b5d') in 0.008791 seconds
  Import took 0.013419 seconds .

========================================================================
Received Import Request.
  Time since last request: 0.000488 seconds.
  path: Assets/SkyBox Volume 2/DeepSpaceBlueWithPlanet
  artifactKey: Guid(76bba837b1442fa4ab25f42878698f45) Importer(815301076,1909f56bfc062723c751e8b465ee728b)
Start importing Assets/SkyBox Volume 2/DeepSpaceBlueWithPlanet using Guid(76bba837b1442fa4ab25f42878698f45) Importer(815301076,1909f56bfc062723c751e8b465ee728b)  -> (artifact id: 'd26b40a5b5c0fa9fdf176227f5b98b5d') in 0.002577 seconds
  Import took 0.005197 seconds .

========================================================================
Received Import Request.
  Time since last request: 0.093592 seconds.
  path: Assets/SkyBox Volume 2/DeepSpaceBlueWithPlanet/backImage.png
  artifactKey: Guid(04550512a36deb34887e513ee0f31545) Importer(815301076,1909f56bfc062723c751e8b465ee728b)
Start importing Assets/SkyBox Volume 2/DeepSpaceBlueWithPlanet/backImage.png using Guid(04550512a36deb34887e513ee0f31545) Importer(815301076,1909f56bfc062723c751e8b465ee728b)  -> (artifact id: 'bed57adbcba470c9347458560aa79559') in 0.018693 seconds
  Import took 0.021119 seconds .

========================================================================
Received Import Request.
  Time since last request: 0.000192 seconds.
  path: Assets/SkyBox Volume 2/DeepSpaceBlueWithPlanet/DSBWP.mat
  artifactKey: Guid(b8f20d5ca50d16143afc11f5e4af6fc1) Importer(815301076,1909f56bfc062723c751e8b465ee728b)
Start importing Assets/SkyBox Volume 2/DeepSpaceBlueWithPlanet/DSBWP.mat using Guid(b8f20d5ca50d16143afc11f5e4af6fc1) Importer(815301076,1909f56bfc062723c751e8b465ee728b)  -> (artifact id: '08af64e8d81dff05041255c82f7b9b12') in 0.028475 seconds
  Import took 0.030867 seconds .

========================================================================
Received Import Request.
  Time since last request: 0.000172 seconds.
  path: Assets/SkyBox Volume 2/DeepSpaceBlueWithPlanet/frontImage.png
  artifactKey: Guid(5695b2a32243d1e40884ad984dd6423d) Importer(815301076,1909f56bfc062723c751e8b465ee728b)
Start importing Assets/SkyBox Volume 2/DeepSpaceBlueWithPlanet/frontImage.png using Guid(5695b2a32243d1e40884ad984dd6423d) Importer(815301076,1909f56bfc062723c751e8b465ee728b)  -> (artifact id: '870576c0fedd4a82ab642e27df6c939e') in 0.016634 seconds
  Import took 0.018895 seconds .

========================================================================
Received Import Request.
  Time since last request: 0.000178 seconds.
  path: Assets/SkyBox Volume 2/DeepSpaceBlueWithPlanet/leftImage.png
  artifactKey: Guid(0373ee03f989db143826ef682bb33f93) Importer(815301076,1909f56bfc062723c751e8b465ee728b)
Start importing Assets/SkyBox Volume 2/DeepSpaceBlueWithPlanet/leftImage.png using Guid(0373ee03f989db143826ef682bb33f93) Importer(815301076,1909f56bfc062723c751e8b465ee728b)  -> (artifact id: 'c77123e8eebbba3239579dfb15c94afb') in 0.017657 seconds
  Import took 0.022985 seconds .

========================================================================
Received Import Request.
  Time since last request: 0.000167 seconds.
  path: Assets/SkyBox Volume 2/DeepSpaceBlueWithPlanet/downImage.png
  artifactKey: Guid(42f68b6cc6ff3fa47b83a2664bf08ae9) Importer(815301076,1909f56bfc062723c751e8b465ee728b)
Start importing Assets/SkyBox Volume 2/DeepSpaceBlueWithPlanet/downImage.png using Guid(42f68b6cc6ff3fa47b83a2664bf08ae9) Importer(815301076,1909f56bfc062723c751e8b465ee728b)  -> (artifact id: '2e207a4a7740ba4e7a504d5b7f2c759d') in 0.016264 seconds
  Import took 0.018393 seconds .

========================================================================
Received Import Request.
  Time since last request: 0.000254 seconds.
  path: Assets/SkyBox Volume 2/DeepSpaceBlueWithPlanet/upImage.png
  artifactKey: Guid(5c4046e19400c9f44961b6350406ae65) Importer(815301076,1909f56bfc062723c751e8b465ee728b)
Start importing Assets/SkyBox Volume 2/DeepSpaceBlueWithPlanet/upImage.png using Guid(5c4046e19400c9f44961b6350406ae65) Importer(815301076,1909f56bfc062723c751e8b465ee728b)  -> (artifact id: '4263d6583700b96d9d31687fa3e01270') in 0.019788 seconds
  Import took 0.025258 seconds .

========================================================================
Received Import Request.
  Time since last request: 0.000141 seconds.
  path: Assets/SkyBox Volume 2/DeepSpaceBlueWithPlanet/rightImage.png
  artifactKey: Guid(ba628713edc8c9246ae86c79210da921) Importer(815301076,1909f56bfc062723c751e8b465ee728b)
Start importing Assets/SkyBox Volume 2/DeepSpaceBlueWithPlanet/rightImage.png using Guid(ba628713edc8c9246ae86c79210da921) Importer(815301076,1909f56bfc062723c751e8b465ee728b)  -> (artifact id: '9590422053649e0d7f8a1e66c5aeeceb') in 0.014882 seconds
  Import took 0.017977 seconds .

========================================================================
Received Import Request.
  Time since last request: 0.003479 seconds.
  path: Assets/SkyBox Volume 2/DeepSpaceBlueWithPlanet/rightImage.png
  artifactKey: Guid(ba628713edc8c9246ae86c79210da921) Importer(815301076,1909f56bfc062723c751e8b465ee728b)
Start importing Assets/SkyBox Volume 2/DeepSpaceBlueWithPlanet/rightImage.png using Guid(ba628713edc8c9246ae86c79210da921) Importer(815301076,1909f56bfc062723c751e8b465ee728b)  -> (artifact id: '9590422053649e0d7f8a1e66c5aeeceb') in 0.013270 seconds
  Import took 0.015678 seconds .

========================================================================
Received Import Request.
  Time since last request: 9.292453 seconds.
  path: Assets/SkyBox Volume 2/DeepSpaceBlue/backImage.png
  artifactKey: Guid(d733e8221be901b429039b23c12749c6) Importer(815301076,1909f56bfc062723c751e8b465ee728b)
Start importing Assets/SkyBox Volume 2/DeepSpaceBlue/backImage.png using Guid(d733e8221be901b429039b23c12749c6) Importer(815301076,1909f56bfc062723c751e8b465ee728b)  -> (artifact id: '66387b944d1591d75a0cb2e93751d049') in 0.010923 seconds
  Import took 0.013889 seconds .

========================================================================
Received Import Request.
  Time since last request: 0.000133 seconds.
  path: Assets/SkyBox Volume 2/DeepSpaceBlue/DSB.mat
  artifactKey: Guid(e980bc7fbb00dc34b86b95ac842d1920) Importer(815301076,1909f56bfc062723c751e8b465ee728b)
Start importing Assets/SkyBox Volume 2/DeepSpaceBlue/DSB.mat using Guid(e980bc7fbb00dc34b86b95ac842d1920) Importer(815301076,1909f56bfc062723c751e8b465ee728b)  -> (artifact id: '1203d5c5ffbeeaf0e09505f0e6e3acfb') in 0.028991 seconds
  Import took 0.031609 seconds .

========================================================================
Received Import Request.
  Time since last request: 0.000578 seconds.
  path: Assets/SkyBox Volume 2/DeepSpaceBlue/downImage.png
  artifactKey: Guid(53236b56bc0208c49936b442daccbb62) Importer(815301076,1909f56bfc062723c751e8b465ee728b)
Start importing Assets/SkyBox Volume 2/DeepSpaceBlue/downImage.png using Guid(53236b56bc0208c49936b442daccbb62) Importer(815301076,1909f56bfc062723c751e8b465ee728b)  -> (artifact id: '5f0d5428bda22696cfe44f91f11dd78c') in 0.023006 seconds
  Import took 0.027520 seconds .

========================================================================
Received Import Request.
  Time since last request: 0.000170 seconds.
  path: Assets/SkyBox Volume 2/DeepSpaceBlue/leftImage.png
  artifactKey: Guid(a40174c675fc1264dbbe1c9b83c7f29f) Importer(815301076,1909f56bfc062723c751e8b465ee728b)
Start importing Assets/SkyBox Volume 2/DeepSpaceBlue/leftImage.png using Guid(a40174c675fc1264dbbe1c9b83c7f29f) Importer(815301076,1909f56bfc062723c751e8b465ee728b)  -> (artifact id: '144382d03cb8f40bdb229fb386d0350b') in 0.020877 seconds
  Import took 0.023220 seconds .

========================================================================
Received Import Request.
  Time since last request: 0.000160 seconds.
  path: Assets/SkyBox Volume 2/DeepSpaceBlue/frontImage.png
  artifactKey: Guid(3c74d9b24e6f1a24c8a23d012f45f750) Importer(815301076,1909f56bfc062723c751e8b465ee728b)
Start importing Assets/SkyBox Volume 2/DeepSpaceBlue/frontImage.png using Guid(3c74d9b24e6f1a24c8a23d012f45f750) Importer(815301076,1909f56bfc062723c751e8b465ee728b)  -> (artifact id: 'caee5fa40a54b888c7299df96d42e8f2') in 0.016331 seconds
  Import took 0.021933 seconds .

========================================================================
Received Import Request.
  Time since last request: 0.000148 seconds.
  path: Assets/SkyBox Volume 2/DeepSpaceBlue/rightImage.png
  artifactKey: Guid(9dd9f87fe1ab7744fb7fb7046e3cfbfb) Importer(815301076,1909f56bfc062723c751e8b465ee728b)
Start importing Assets/SkyBox Volume 2/DeepSpaceBlue/rightImage.png using Guid(9dd9f87fe1ab7744fb7fb7046e3cfbfb) Importer(815301076,1909f56bfc062723c751e8b465ee728b)  -> (artifact id: '244d04be21e47fd297208b3454552f97') in 0.020705 seconds
  Import took 0.023097 seconds .

========================================================================
Received Import Request.
  Time since last request: 0.000161 seconds.
  path: Assets/SkyBox Volume 2/DeepSpaceBlue/upImage.png
  artifactKey: Guid(bd01d8f5deedc054ea3c866c4df95a94) Importer(815301076,1909f56bfc062723c751e8b465ee728b)
Start importing Assets/SkyBox Volume 2/DeepSpaceBlue/upImage.png using Guid(bd01d8f5deedc054ea3c866c4df95a94) Importer(815301076,1909f56bfc062723c751e8b465ee728b)  -> (artifact id: 'b1419057ee8afb4b59ab293ab271a972') in 0.014066 seconds
  Import took 0.016859 seconds .

========================================================================
Received Import Request.
  Time since last request: 0.000135 seconds.
  path: Assets/SkyBox Volume 2/DeepSpaceBlue/rightImage.png
  artifactKey: Guid(9dd9f87fe1ab7744fb7fb7046e3cfbfb) Importer(815301076,1909f56bfc062723c751e8b465ee728b)
Start importing Assets/SkyBox Volume 2/DeepSpaceBlue/rightImage.png using Guid(9dd9f87fe1ab7744fb7fb7046e3cfbfb) Importer(815301076,1909f56bfc062723c751e8b465ee728b)  -> (artifact id: '244d04be21e47fd297208b3454552f97') in 0.021122 seconds
  Import took 0.024152 seconds .

========================================================================
Received Import Request.
  Time since last request: 4.915375 seconds.
  path: Assets/SkyBox Volume 2/DeepSpaceGreen/backImage.png
  artifactKey: Guid(968c95c521a144942bcb53ab0dba230e) Importer(815301076,1909f56bfc062723c751e8b465ee728b)
Start importing Assets/SkyBox Volume 2/DeepSpaceGreen/backImage.png using Guid(968c95c521a144942bcb53ab0dba230e) Importer(815301076,1909f56bfc062723c751e8b465ee728b)  -> (artifact id: '3311115292be7b04e9d819d695408b04') in 0.009974 seconds
  Import took 0.012785 seconds .

========================================================================
Received Import Request.
  Time since last request: 0.000231 seconds.
  path: Assets/SkyBox Volume 2/DeepSpaceGreen/downImage.png
  artifactKey: Guid(8fa9128ee1c5bf84bbe093c7f8a0523a) Importer(815301076,1909f56bfc062723c751e8b465ee728b)
Start importing Assets/SkyBox Volume 2/DeepSpaceGreen/downImage.png using Guid(8fa9128ee1c5bf84bbe093c7f8a0523a) Importer(815301076,1909f56bfc062723c751e8b465ee728b)  -> (artifact id: '235bb2994954a29927c3b89ee6db9997') in 0.020975 seconds
  Import took 0.023278 seconds .

========================================================================
Received Import Request.
  Time since last request: 0.000313 seconds.
  path: Assets/SkyBox Volume 2/DeepSpaceGreen/upImage.png
  artifactKey: Guid(376b86c8806901b4990daf9dc1615895) Importer(815301076,1909f56bfc062723c751e8b465ee728b)
Start importing Assets/SkyBox Volume 2/DeepSpaceGreen/upImage.png using Guid(376b86c8806901b4990daf9dc1615895) Importer(815301076,1909f56bfc062723c751e8b465ee728b)  -> (artifact id: '182003df9a43e1190ead8e47453195cb') in 0.018122 seconds
  Import took 0.020765 seconds .

========================================================================
Received Import Request.
  Time since last request: 0.000183 seconds.
  path: Assets/SkyBox Volume 2/DeepSpaceGreen/downImage.png
  artifactKey: Guid(8fa9128ee1c5bf84bbe093c7f8a0523a) Importer(815301076,1909f56bfc062723c751e8b465ee728b)
Start importing Assets/SkyBox Volume 2/DeepSpaceGreen/downImage.png using Guid(8fa9128ee1c5bf84bbe093c7f8a0523a) Importer(815301076,1909f56bfc062723c751e8b465ee728b)  -> (artifact id: '235bb2994954a29927c3b89ee6db9997') in 0.017394 seconds
  Import took 0.023309 seconds .

========================================================================
Received Import Request.
  Time since last request: 0.000200 seconds.
  path: Assets/SkyBox Volume 2/DeepSpaceGreen/frontImage.png
  artifactKey: Guid(05a43da33c7eccf46bfece6a05db470f) Importer(815301076,1909f56bfc062723c751e8b465ee728b)
Start importing Assets/SkyBox Volume 2/DeepSpaceGreen/frontImage.png using Guid(05a43da33c7eccf46bfece6a05db470f) Importer(815301076,1909f56bfc062723c751e8b465ee728b)  -> (artifact id: '036758e1a7aa91c9a2164fd17612d174') in 0.015882 seconds
  Import took 0.018851 seconds .

========================================================================
Received Import Request.
  Time since last request: 0.000185 seconds.
  path: Assets/SkyBox Volume 2/DeepSpaceGreen/leftImage.png
  artifactKey: Guid(b3e3bb55f10dc644daa8a354dc0030ed) Importer(815301076,1909f56bfc062723c751e8b465ee728b)
Start importing Assets/SkyBox Volume 2/DeepSpaceGreen/leftImage.png using Guid(b3e3bb55f10dc644daa8a354dc0030ed) Importer(815301076,1909f56bfc062723c751e8b465ee728b)  -> (artifact id: '1059beac9aa8151c4aef9f14ed46f936') in 0.020547 seconds
  Import took 0.022985 seconds .

========================================================================
Received Import Request.
  Time since last request: 0.000141 seconds.
  path: Assets/SkyBox Volume 2/DeepSpaceGreen/DSG.mat
  artifactKey: Guid(a07fadb24ea940240afba3afc1a692cc) Importer(815301076,1909f56bfc062723c751e8b465ee728b)
Start importing Assets/SkyBox Volume 2/DeepSpaceGreen/DSG.mat using Guid(a07fadb24ea940240afba3afc1a692cc) Importer(815301076,1909f56bfc062723c751e8b465ee728b)  -> (artifact id: '2127d1d70ef10575f250dd6b32aa4fe7') in 0.027886 seconds
  Import took 0.031207 seconds .

========================================================================
Received Import Request.
  Time since last request: 0.000136 seconds.
  path: Assets/SkyBox Volume 2/DeepSpaceGreen/rightImage.png
  artifactKey: Guid(7cc04e6ef3221c043afaef956af7b86f) Importer(815301076,1909f56bfc062723c751e8b465ee728b)
Start importing Assets/SkyBox Volume 2/DeepSpaceGreen/rightImage.png using Guid(7cc04e6ef3221c043afaef956af7b86f) Importer(815301076,1909f56bfc062723c751e8b465ee728b)  -> (artifact id: 'b549037bd849d32ff3d5c941854751d8') in 0.018429 seconds
  Import took 0.020887 seconds .

========================================================================
Received Import Request.
  Time since last request: 0.000956 seconds.
  path: Assets/SkyBox Volume 2/DeepSpaceGreen/rightImage.png
  artifactKey: Guid(7cc04e6ef3221c043afaef956af7b86f) Importer(815301076,1909f56bfc062723c751e8b465ee728b)
Start importing Assets/SkyBox Volume 2/DeepSpaceGreen/rightImage.png using Guid(7cc04e6ef3221c043afaef956af7b86f) Importer(815301076,1909f56bfc062723c751e8b465ee728b)  -> (artifact id: 'b549037bd849d32ff3d5c941854751d8') in 0.013441 seconds
  Import took 0.019129 seconds .

========================================================================
Received Import Request.
  Time since last request: 6.576796 seconds.
  path: Assets/SkyBox Volume 2/DeepSpaceGreenWithPlanet/backImage.png
  artifactKey: Guid(b8eac033bd49f0f4a8914a7454a2ec3c) Importer(815301076,1909f56bfc062723c751e8b465ee728b)
Start importing Assets/SkyBox Volume 2/DeepSpaceGreenWithPlanet/backImage.png using Guid(b8eac033bd49f0f4a8914a7454a2ec3c) Importer(815301076,1909f56bfc062723c751e8b465ee728b)  -> (artifact id: 'dd970114587988add54868616a711f5e') in 0.011949 seconds
  Import took 0.014210 seconds .

========================================================================
Received Import Request.
  Time since last request: 0.000195 seconds.
  path: Assets/SkyBox Volume 2/DeepSpaceGreenWithPlanet/upImage.png
  artifactKey: Guid(82671bcdbbcc6f54c86c3c2c6ed06aa8) Importer(815301076,1909f56bfc062723c751e8b465ee728b)
Start importing Assets/SkyBox Volume 2/DeepSpaceGreenWithPlanet/upImage.png using Guid(82671bcdbbcc6f54c86c3c2c6ed06aa8) Importer(815301076,1909f56bfc062723c751e8b465ee728b)  -> (artifact id: 'c6788206d98f8ccbf6d723bd8108aab8') in 0.022592 seconds
  Import took 0.025854 seconds .

========================================================================
Received Import Request.
  Time since last request: 0.000296 seconds.
  path: Assets/SkyBox Volume 2/DeepSpaceGreenWithPlanet/downImage.png
  artifactKey: Guid(06d8be9df22e9d443a0aefb29905bd87) Importer(815301076,1909f56bfc062723c751e8b465ee728b)
Start importing Assets/SkyBox Volume 2/DeepSpaceGreenWithPlanet/downImage.png using Guid(06d8be9df22e9d443a0aefb29905bd87) Importer(815301076,1909f56bfc062723c751e8b465ee728b)  -> (artifact id: 'b0b368245d0517156a27cf0ac09215ee') in 0.016679 seconds
  Import took 0.018873 seconds .

========================================================================
Received Import Request.
  Time since last request: 0.000185 seconds.
  path: Assets/SkyBox Volume 2/DeepSpaceGreenWithPlanet/DSGWP.mat
  artifactKey: Guid(5b21c6a8ce40f9641bd1204324b90b2c) Importer(815301076,1909f56bfc062723c751e8b465ee728b)
Start importing Assets/SkyBox Volume 2/DeepSpaceGreenWithPlanet/DSGWP.mat using Guid(5b21c6a8ce40f9641bd1204324b90b2c) Importer(815301076,1909f56bfc062723c751e8b465ee728b)  -> (artifact id: '7ebb26bc199da537af5dfe0f1179e1d0') in 0.027759 seconds
  Import took 0.031042 seconds .

========================================================================
Received Import Request.
  Time since last request: 0.000182 seconds.
  path: Assets/SkyBox Volume 2/DeepSpaceGreenWithPlanet/leftImage.png
  artifactKey: Guid(25f74bd5fd43fe94a9bf7a33040c8fbf) Importer(815301076,1909f56bfc062723c751e8b465ee728b)
Start importing Assets/SkyBox Volume 2/DeepSpaceGreenWithPlanet/leftImage.png using Guid(25f74bd5fd43fe94a9bf7a33040c8fbf) Importer(815301076,1909f56bfc062723c751e8b465ee728b)  -> (artifact id: '44b73d3fd2f759b243dad5e6a9404af1') in 0.018971 seconds
  Import took 0.023231 seconds .

========================================================================
Received Import Request.
  Time since last request: 0.000297 seconds.
  path: Assets/SkyBox Volume 2/DeepSpaceGreenWithPlanet/frontImage.png
  artifactKey: Guid(400d172508883dc4eb23264cb156581f) Importer(815301076,1909f56bfc062723c751e8b465ee728b)
Start importing Assets/SkyBox Volume 2/DeepSpaceGreenWithPlanet/frontImage.png using Guid(400d172508883dc4eb23264cb156581f) Importer(815301076,1909f56bfc062723c751e8b465ee728b)  -> (artifact id: '31bf47d7a5b12c224c33afcca480d162') in 0.013052 seconds
  Import took 0.015628 seconds .

========================================================================
Received Import Request.
  Time since last request: 0.000171 seconds.
  path: Assets/SkyBox Volume 2/DeepSpaceGreenWithPlanet/rightImage.png
  artifactKey: Guid(61e6c3739167eb34abfef78dcc131203) Importer(815301076,1909f56bfc062723c751e8b465ee728b)
Start importing Assets/SkyBox Volume 2/DeepSpaceGreenWithPlanet/rightImage.png using Guid(61e6c3739167eb34abfef78dcc131203) Importer(815301076,1909f56bfc062723c751e8b465ee728b)  -> (artifact id: 'afbfb5d3936b7a6ef3abb74619458332') in 0.020377 seconds
  Import took 0.024246 seconds .

========================================================================
Received Import Request.
  Time since last request: 4.175168 seconds.
  path: Assets/SkyBox Volume 2/DeepSpaceRed/backImage.png
  artifactKey: Guid(0d37d5a7bd77d4c4d87538ec79a8c071) Importer(815301076,1909f56bfc062723c751e8b465ee728b)
Start importing Assets/SkyBox Volume 2/DeepSpaceRed/backImage.png using Guid(0d37d5a7bd77d4c4d87538ec79a8c071) Importer(815301076,1909f56bfc062723c751e8b465ee728b)  -> (artifact id: '3f74ebeb8977ef9f5e56b01afd9c7ec7') in 0.013629 seconds
  Import took 0.016415 seconds .

========================================================================
Received Import Request.
  Time since last request: 0.000225 seconds.
  path: Assets/SkyBox Volume 2/DeepSpaceRed/leftImage.png
  artifactKey: Guid(f4ff7b3598c10f443b97a6624d7226e1) Importer(815301076,1909f56bfc062723c751e8b465ee728b)
Start importing Assets/SkyBox Volume 2/DeepSpaceRed/leftImage.png using Guid(f4ff7b3598c10f443b97a6624d7226e1) Importer(815301076,1909f56bfc062723c751e8b465ee728b)  -> (artifact id: '38748f9e8ed3b860f7d1b84579015717') in 0.014593 seconds
  Import took 0.016828 seconds .

========================================================================
Received Import Request.
  Time since last request: 0.000216 seconds.
  path: Assets/SkyBox Volume 2/DeepSpaceRed/DSR.mat
  artifactKey: Guid(966766f4829d6ad419eaaf7cf0712f85) Importer(815301076,1909f56bfc062723c751e8b465ee728b)
Start importing Assets/SkyBox Volume 2/DeepSpaceRed/DSR.mat using Guid(966766f4829d6ad419eaaf7cf0712f85) Importer(815301076,1909f56bfc062723c751e8b465ee728b)  -> (artifact id: '883d666d43e78fbd94fc5e3c01d8cc03') in 0.027130 seconds
  Import took 0.031731 seconds .

========================================================================
Received Import Request.
  Time since last request: 0.000203 seconds.
  path: Assets/SkyBox Volume 2/DeepSpaceRed/frontImage.png
  artifactKey: Guid(8ded2db630cde5548a1cb01fe3ffea49) Importer(815301076,1909f56bfc062723c751e8b465ee728b)
Start importing Assets/SkyBox Volume 2/DeepSpaceRed/frontImage.png using Guid(8ded2db630cde5548a1cb01fe3ffea49) Importer(815301076,1909f56bfc062723c751e8b465ee728b)  -> (artifact id: '11f13f563a1d5d3fb92eacb8b31b56f3') in 0.013276 seconds
  Import took 0.015602 seconds .

========================================================================
Received Import Request.
  Time since last request: 0.000361 seconds.
  path: Assets/SkyBox Volume 2/DeepSpaceRed/downImage.png
  artifactKey: Guid(bf0c0b6ba4b05d843b2035b5af2141c8) Importer(815301076,1909f56bfc062723c751e8b465ee728b)
Start importing Assets/SkyBox Volume 2/DeepSpaceRed/downImage.png using Guid(bf0c0b6ba4b05d843b2035b5af2141c8) Importer(815301076,1909f56bfc062723c751e8b465ee728b)  -> (artifact id: '4164e031051ad285c976e4bba5ce46fe') in 0.024982 seconds
  Import took 0.027335 seconds .

========================================================================
Received Import Request.
  Time since last request: 0.000143 seconds.
  path: Assets/SkyBox Volume 2/DeepSpaceRed/upImage.png
  artifactKey: Guid(640a66a6c0d7e9a43950f36dd7dc9094) Importer(815301076,1909f56bfc062723c751e8b465ee728b)
Start importing Assets/SkyBox Volume 2/DeepSpaceRed/upImage.png using Guid(640a66a6c0d7e9a43950f36dd7dc9094) Importer(815301076,1909f56bfc062723c751e8b465ee728b)  -> (artifact id: 'b4d5348dfc1ced6bb315636d1f87b4e7') in 0.021552 seconds
  Import took 0.023966 seconds .

========================================================================
Received Import Request.
  Time since last request: 0.000156 seconds.
  path: Assets/SkyBox Volume 2/DeepSpaceRed/rightImage.png
  artifactKey: Guid(6ea2e7ab328ea214a97f55c279f4a884) Importer(815301076,1909f56bfc062723c751e8b465ee728b)
Start importing Assets/SkyBox Volume 2/DeepSpaceRed/rightImage.png using Guid(6ea2e7ab328ea214a97f55c279f4a884) Importer(815301076,1909f56bfc062723c751e8b465ee728b)  -> (artifact id: 'bcb19e9e675c96292ca2b18ac9964fdc') in 0.017022 seconds
  Import took 0.023699 seconds .

========================================================================
Received Import Request.
  Time since last request: 3.247217 seconds.
  path: Assets/SkyBox Volume 2/DeepsSpaceRedWithPlanet/backImage.png
  artifactKey: Guid(6601b262566e8ed48bcd94e544e0fd2d) Importer(815301076,1909f56bfc062723c751e8b465ee728b)
Start importing Assets/SkyBox Volume 2/DeepsSpaceRedWithPlanet/backImage.png using Guid(6601b262566e8ed48bcd94e544e0fd2d) Importer(815301076,1909f56bfc062723c751e8b465ee728b)  -> (artifact id: '707d3426782cd63d0b4c1981dcc00e9a') in 0.011355 seconds
  Import took 0.015794 seconds .

========================================================================
Received Import Request.
  Time since last request: 0.000304 seconds.
  path: Assets/SkyBox Volume 2/DeepsSpaceRedWithPlanet/upImage.png
  artifactKey: Guid(f0035d6da7d976a4f9e7d23bfa0fe7dc) Importer(815301076,1909f56bfc062723c751e8b465ee728b)
Start importing Assets/SkyBox Volume 2/DeepsSpaceRedWithPlanet/upImage.png using Guid(f0035d6da7d976a4f9e7d23bfa0fe7dc) Importer(815301076,1909f56bfc062723c751e8b465ee728b)  -> (artifact id: '91ee49e095e2ed3fafe9346c2b260a3f') in 0.015268 seconds
  Import took 0.017422 seconds .

========================================================================
Received Import Request.
  Time since last request: 0.000179 seconds.
  path: Assets/SkyBox Volume 2/DeepsSpaceRedWithPlanet/DSRWP.mat
  artifactKey: Guid(19e2485c6f92d6944ad20466ac77b04c) Importer(815301076,1909f56bfc062723c751e8b465ee728b)
Start importing Assets/SkyBox Volume 2/DeepsSpaceRedWithPlanet/DSRWP.mat using Guid(19e2485c6f92d6944ad20466ac77b04c) Importer(815301076,1909f56bfc062723c751e8b465ee728b)  -> (artifact id: 'cfbf14c71251419eaf79b5515cd6b23f') in 0.029288 seconds
  Import took 0.031537 seconds .

========================================================================
Received Import Request.
  Time since last request: 0.000177 seconds.
  path: Assets/SkyBox Volume 2/DeepsSpaceRedWithPlanet/leftImage.png
  artifactKey: Guid(547e367b5b43c494e90431a6e38e87ac) Importer(815301076,1909f56bfc062723c751e8b465ee728b)
Start importing Assets/SkyBox Volume 2/DeepsSpaceRedWithPlanet/leftImage.png using Guid(547e367b5b43c494e90431a6e38e87ac) Importer(815301076,1909f56bfc062723c751e8b465ee728b)  -> (artifact id: 'af083a988c7d943321f7cdfe9d18bc96') in 0.013948 seconds
  Import took 0.016103 seconds .

========================================================================
Received Import Request.
  Time since last request: 0.000209 seconds.
  path: Assets/SkyBox Volume 2/DeepsSpaceRedWithPlanet/rightImage.png
  artifactKey: Guid(8d156f0545930a942b2ca6ed792014e9) Importer(815301076,1909f56bfc062723c751e8b465ee728b)
Start importing Assets/SkyBox Volume 2/DeepsSpaceRedWithPlanet/rightImage.png using Guid(8d156f0545930a942b2ca6ed792014e9) Importer(815301076,1909f56bfc062723c751e8b465ee728b)  -> (artifact id: 'e7eff130b93ba5ca5e1c0c3a438ea980') in 0.022520 seconds
  Import took 0.024788 seconds .

========================================================================
Received Import Request.
  Time since last request: 0.000163 seconds.
  path: Assets/SkyBox Volume 2/DeepsSpaceRedWithPlanet/frontImage.png
  artifactKey: Guid(7e077c5370349b247929c95a8b8ce75e) Importer(815301076,1909f56bfc062723c751e8b465ee728b)
Start importing Assets/SkyBox Volume 2/DeepsSpaceRedWithPlanet/frontImage.png using Guid(7e077c5370349b247929c95a8b8ce75e) Importer(815301076,1909f56bfc062723c751e8b465ee728b)  -> (artifact id: 'aa6257c5ca7783162f10bdc4167d5a76') in 0.017884 seconds
  Import took 0.019882 seconds .

========================================================================
Received Import Request.
  Time since last request: 0.000135 seconds.
  path: Assets/SkyBox Volume 2/DeepsSpaceRedWithPlanet/downImage.png
  artifactKey: Guid(fe24c1d3a8341df488806f47b3a72356) Importer(815301076,1909f56bfc062723c751e8b465ee728b)
Start importing Assets/SkyBox Volume 2/DeepsSpaceRedWithPlanet/downImage.png using Guid(fe24c1d3a8341df488806f47b3a72356) Importer(815301076,1909f56bfc062723c751e8b465ee728b)  -> (artifact id: 'fb8eb2f8e7e4c25b4a77f7f78fcb3899') in 0.020723 seconds
  Import took 0.023599 seconds .

========================================================================
Received Import Request.
  Time since last request: 3.526696 seconds.
  path: Assets/SkyBox Volume 2/Stars01/backImage.png
  artifactKey: Guid(0fbf23bda4c210c44a0fe51c9bbaecc7) Importer(815301076,1909f56bfc062723c751e8b465ee728b)
Start importing Assets/SkyBox Volume 2/Stars01/backImage.png using Guid(0fbf23bda4c210c44a0fe51c9bbaecc7) Importer(815301076,1909f56bfc062723c751e8b465ee728b)  -> (artifact id: '0b9ae160b3b8a7eed3a578c3886c364f') in 0.013104 seconds
  Import took 0.015212 seconds .

========================================================================
Received Import Request.
  Time since last request: 0.000165 seconds.
  path: Assets/SkyBox Volume 2/Stars01/StarSkyBox.mat
  artifactKey: Guid(b9be0c15efe8ad9489fdeead114d8ec5) Importer(815301076,1909f56bfc062723c751e8b465ee728b)
Start importing Assets/SkyBox Volume 2/Stars01/StarSkyBox.mat using Guid(b9be0c15efe8ad9489fdeead114d8ec5) Importer(815301076,1909f56bfc062723c751e8b465ee728b)  -> (artifact id: 'd2b6b050cd2c008af4a9a4a6a25d062b') in 0.032817 seconds
  Import took 0.034948 seconds .

========================================================================
Received Import Request.
  Time since last request: 0.000156 seconds.
  path: Assets/SkyBox Volume 2/Stars01/downImage.png
  artifactKey: Guid(2386597d5e868c9458b8bf627b1bbb25) Importer(815301076,1909f56bfc062723c751e8b465ee728b)
Start importing Assets/SkyBox Volume 2/Stars01/downImage.png using Guid(2386597d5e868c9458b8bf627b1bbb25) Importer(815301076,1909f56bfc062723c751e8b465ee728b)  -> (artifact id: 'ddc52b64f111065cc9a403e8d04998cb') in 0.022335 seconds
  Import took 0.028088 seconds .

========================================================================
Received Import Request.
  Time since last request: 0.000152 seconds.
  path: Assets/SkyBox Volume 2/Stars01/frontImage.png
  artifactKey: Guid(c3883dd823634424cb7f77b7808dfb71) Importer(815301076,1909f56bfc062723c751e8b465ee728b)
Start importing Assets/SkyBox Volume 2/Stars01/frontImage.png using Guid(c3883dd823634424cb7f77b7808dfb71) Importer(815301076,1909f56bfc062723c751e8b465ee728b)  -> (artifact id: '94d50dc87033f3e957c4863bde26d539') in 0.017916 seconds
  Import took 0.020180 seconds .

========================================================================
Received Import Request.
  Time since last request: 0.000139 seconds.
  path: Assets/SkyBox Volume 2/Stars01/leftImage.png
  artifactKey: Guid(e93b91c50a583a949bd59be8a2f0e8e0) Importer(815301076,1909f56bfc062723c751e8b465ee728b)
Start importing Assets/SkyBox Volume 2/Stars01/leftImage.png using Guid(e93b91c50a583a949bd59be8a2f0e8e0) Importer(815301076,1909f56bfc062723c751e8b465ee728b)  -> (artifact id: 'a02e29701db39eef17ba7be168c73e7b') in 0.019030 seconds
  Import took 0.021372 seconds .

========================================================================
Received Import Request.
  Time since last request: 0.000177 seconds.
  path: Assets/SkyBox Volume 2/Stars01/rightImage.png
  artifactKey: Guid(ff7a4eded7a1437488c0e6771172133e) Importer(815301076,1909f56bfc062723c751e8b465ee728b)
Start importing Assets/SkyBox Volume 2/Stars01/rightImage.png using Guid(ff7a4eded7a1437488c0e6771172133e) Importer(815301076,1909f56bfc062723c751e8b465ee728b)  -> (artifact id: '7c4a8490977e98d7736ff4f5ddef26e5') in 0.020037 seconds
  Import took 0.022966 seconds .

========================================================================
Received Import Request.
  Time since last request: 0.000152 seconds.
  path: Assets/SkyBox Volume 2/Stars01/leftImage.png
  artifactKey: Guid(e93b91c50a583a949bd59be8a2f0e8e0) Importer(815301076,1909f56bfc062723c751e8b465ee728b)
Start importing Assets/SkyBox Volume 2/Stars01/leftImage.png using Guid(e93b91c50a583a949bd59be8a2f0e8e0) Importer(815301076,1909f56bfc062723c751e8b465ee728b)  -> (artifact id: 'a02e29701db39eef17ba7be168c73e7b') in 0.012738 seconds
  Import took 0.015118 seconds .

========================================================================
Received Import Request.
  Time since last request: 0.000154 seconds.
  path: Assets/SkyBox Volume 2/Stars01/upImage.png
  artifactKey: Guid(1eee1a8f13e601d4e967192b6915486c) Importer(815301076,1909f56bfc062723c751e8b465ee728b)
Start importing Assets/SkyBox Volume 2/Stars01/upImage.png using Guid(1eee1a8f13e601d4e967192b6915486c) Importer(815301076,1909f56bfc062723c751e8b465ee728b)  -> (artifact id: 'eba6cfc71311233a6be3de173e537c78') in 0.028021 seconds
  Import took 0.030687 seconds .

========================================================================
Received Prepare
Registering precompiled user dll's ...
Registered in 0.002726 seconds.
Begin MonoManager ReloadAssembly
Native extension for WindowsStandalone target not found
Refreshing native plugins compatible for Editor in 0.81 ms, found 2 plugins.
Preloading 0 native plugins for Editor in 0.00 ms.
Mono: successfully reloaded assembly
- Completed reload, in  1.433 seconds
Platform modules already initialized, skipping
Refreshing native plugins compatible for Editor in 0.27 ms, found 2 plugins.
Preloading 0 native plugins for Editor in 0.00 ms.
Unloading 1396 Unused Serialized files (Serialized files now loaded: 0)
System memory in use before: 70.0 MB.
System memory in use after: 70.1 MB.

Unloading 14 unused Assets to reduce memory usage. Loaded Objects now: 1908.
Total: 2.661800 ms (FindLiveObjects: 0.125600 ms CreateObjectMapping: 0.037800 ms MarkObjects: 2.233200 ms  DeleteObjects: 0.263500 ms)

========================================================================
Received Import Request.
  Time since last request: 1415.483638 seconds.
  path: Assets/Materials/TestMap1
  artifactKey: Guid(7fc7d04bc73462946af24f63a08f9dda) Importer(815301076,1909f56bfc062723c751e8b465ee728b)
Start importing Assets/Materials/TestMap1 using Guid(7fc7d04bc73462946af24f63a08f9dda) Importer(815301076,1909f56bfc062723c751e8b465ee728b)  -> (artifact id: '9e81940984bbfab04404fd093fe9ff8e') in 0.026917 seconds
  Import took 0.031656 seconds .

========================================================================
Received Import Request.
  Time since last request: 7.285417 seconds.
  path: Assets/Materials/TestMap1_materials
  artifactKey: Guid(7fc7d04bc73462946af24f63a08f9dda) Importer(815301076,1909f56bfc062723c751e8b465ee728b)
Start importing Assets/Materials/TestMap1_materials using Guid(7fc7d04bc73462946af24f63a08f9dda) Importer(815301076,1909f56bfc062723c751e8b465ee728b)  -> (artifact id: '52c6ee4f12af31828c73fdcac1b2e3c1') in 0.017115 seconds
  Import took 0.019487 seconds .

========================================================================
Received Import Request.
  Time since last request: 14.484094 seconds.
  path: Assets/Materials/TestMap1_materials/TestMap1_material.mat
  artifactKey: Guid(cd9121808069f604e8112239f3981c26) Importer(815301076,1909f56bfc062723c751e8b465ee728b)
Start importing Assets/Materials/TestMap1_materials/TestMap1_material.mat using Guid(cd9121808069f604e8112239f3981c26) Importer(815301076,1909f56bfc062723c751e8b465ee728b)  -> (artifact id: 'b380cf1b4527a2d40e3c969f4ced7768') in 0.077672 seconds
  Import took 0.080264 seconds .

========================================================================
Received Import Request.
  Time since last request: 11.917855 seconds.
  path: Assets/Materials/TestMap1_materials/TestMap1_mat1.mat
  artifactKey: Guid(cd9121808069f604e8112239f3981c26) Importer(815301076,1909f56bfc062723c751e8b465ee728b)
Start importing Assets/Materials/TestMap1_materials/TestMap1_mat1.mat using Guid(cd9121808069f604e8112239f3981c26) Importer(815301076,1909f56bfc062723c751e8b465ee728b)  -> (artifact id: '2db4c51e5dd1be2985cf6e3796fa899a') in 0.014761 seconds
  Import took 0.023613 seconds .

========================================================================
Received Import Request.
  Time since last request: 7.300986 seconds.
  path: Assets/Materials/TestMap1_materials/TestMap1_Mat1.mat
  artifactKey: Guid(cd9121808069f604e8112239f3981c26) Importer(815301076,1909f56bfc062723c751e8b465ee728b)
Start importing Assets/Materials/TestMap1_materials/TestMap1_Mat1.mat using Guid(cd9121808069f604e8112239f3981c26) Importer(815301076,1909f56bfc062723c751e8b465ee728b)  -> (artifact id: '1488a5128a363381d45923f5ae54acf0') in 0.015221 seconds
  Import took 0.019901 seconds .

========================================================================
Received Import Request.
  Time since last request: 12.344118 seconds.
  path: Assets/Materials/TestMap1_materials/TestMap1_Mat2.mat
  artifactKey: Guid(810382992d92918469e24750e4d1e03e) Importer(815301076,1909f56bfc062723c751e8b465ee728b)
Start importing Assets/Materials/TestMap1_materials/TestMap1_Mat2.mat using Guid(810382992d92918469e24750e4d1e03e) Importer(815301076,1909f56bfc062723c751e8b465ee728b)  -> (artifact id: 'eb73fcc95b43408ee51ea13fec3793d6') in 0.014561 seconds
  Import took 0.022182 seconds .

========================================================================
Received Prepare
Registering precompiled user dll's ...
Registered in 0.003400 seconds.
Begin MonoManager ReloadAssembly
Native extension for WindowsStandalone target not found
Refreshing native plugins compatible for Editor in 0.33 ms, found 2 plugins.
Preloading 0 native plugins for Editor in 0.00 ms.
Mono: successfully reloaded assembly
- Completed reload, in  1.223 seconds
Platform modules already initialized, skipping
Refreshing native plugins compatible for Editor in 0.28 ms, found 2 plugins.
Preloading 0 native plugins for Editor in 0.00 ms.
Unloading 1396 Unused Serialized files (Serialized files now loaded: 0)
System memory in use before: 70.0 MB.
System memory in use after: 70.1 MB.

Unloading 14 unused Assets to reduce memory usage. Loaded Objects now: 1912.
Total: 2.752100 ms (FindLiveObjects: 0.234100 ms CreateObjectMapping: 0.065300 ms MarkObjects: 2.384200 ms  DeleteObjects: 0.066300 ms)

AssetImportWorkerClient::OnTransportError - code=2 error=End of file
